{"/home/doodleblue/Desktop/FeelFootball/vue/feelfootball-vue/src/api/leagues.ts": {"path":"/home/doodleblue/Desktop/FeelFootball/vue/feelfootball-vue/src/api/leagues.ts","statementMap":{"0":{"start":{"line":2,"column":0},"end":{"line":2,"column":null}},"1":{"start":{"line":4,"column":2},"end":{"line":10,"column":null}},"2":{"start":{"line":5,"column":17},"end":{"line":5,"column":29}},"3":{"start":{"line":6,"column":17},"end":{"line":6,"column":27}},"4":{"start":{"line":7,"column":4},"end":{"line":7,"column":11}},"5":{"start":{"line":9,"column":4},"end":{"line":9,"column":11}}},"fnMap":{"0":{"name":"getStandings","decl":{"start":{"line":3,"column":15},"end":{"line":3,"column":28}},"loc":{"start":{"line":3,"column":39},"end":{"line":11,"column":null}}}},"branchMap":{},"s":{"0":6,"1":2,"2":2,"3":1,"4":1,"5":1},"f":{"0":2},"b":{}}
,"/home/doodleblue/Desktop/FeelFootball/vue/feelfootball-vue/src/api/news.ts": {"path":"/home/doodleblue/Desktop/FeelFootball/vue/feelfootball-vue/src/api/news.ts","statementMap":{"0":{"start":{"line":2,"column":0},"end":{"line":2,"column":null}},"1":{"start":{"line":4,"column":2},"end":{"line":4,"column":9}},"2":{"start":{"line":5,"column":2},"end":{"line":15,"column":null}},"3":{"start":{"line":6,"column":20},"end":{"line":6,"column":33}},"4":{"start":{"line":7,"column":19},"end":{"line":7,"column":25}},"5":{"start":{"line":7,"column":40},"end":{"line":7,"column":41}},"6":{"start":{"line":9,"column":15},"end":{"line":9,"column":24}},"7":{"start":{"line":10,"column":4},"end":{"line":10,"column":11}},"8":{"start":{"line":12,"column":2},"end":{"line":12,"column":9}},"9":{"start":{"line":14,"column":4},"end":{"line":14,"column":11}}},"fnMap":{"0":{"name":"getNews","decl":{"start":{"line":3,"column":15},"end":{"line":3,"column":23}},"loc":{"start":{"line":3,"column":36},"end":{"line":16,"column":null}}},"1":{"name":"(anonymous_1)","decl":{"start":{"line":7,"column":13},"end":{"line":7,"column":19}},"loc":{"start":{"line":7,"column":19},"end":{"line":7,"column":25}}},"2":{"name":"(anonymous_2)","decl":{"start":{"line":7,"column":34},"end":{"line":7,"column":40}},"loc":{"start":{"line":7,"column":40},"end":{"line":7,"column":41}}},"3":{"name":"(anonymous_3)","decl":{"start":{"line":9,"column":32},"end":{"line":9,"column":33}},"loc":{"start":{"line":9,"column":45},"end":{"line":11,"column":5}}}},"branchMap":{},"s":{"0":6,"1":2,"2":2,"3":2,"4":2,"5":1,"6":1,"7":1,"8":1,"9":1},"f":{"0":2,"1":2,"2":1,"3":1},"b":{}}
,"/home/doodleblue/Desktop/FeelFootball/vue/feelfootball-vue/src/api/stats.ts": {"path":"/home/doodleblue/Desktop/FeelFootball/vue/feelfootball-vue/src/api/stats.ts","statementMap":{"0":{"start":{"line":2,"column":0},"end":{"line":2,"column":null}},"1":{"start":{"line":5,"column":2},"end":{"line":11,"column":null}},"2":{"start":{"line":6,"column":17},"end":{"line":6,"column":29}},"3":{"start":{"line":7,"column":17},"end":{"line":7,"column":27}},"4":{"start":{"line":8,"column":4},"end":{"line":8,"column":11}},"5":{"start":{"line":10,"column":4},"end":{"line":10,"column":11}}},"fnMap":{"0":{"name":"getStats","decl":{"start":{"line":3,"column":15},"end":{"line":3,"column":24}},"loc":{"start":{"line":3,"column":35},"end":{"line":12,"column":null}}}},"branchMap":{},"s":{"0":6,"1":2,"2":2,"3":1,"4":1,"5":1},"f":{"0":2},"b":{}}
,"/home/doodleblue/Desktop/FeelFootball/vue/feelfootball-vue/src/components/Navbar.vue": {"path":"/home/doodleblue/Desktop/FeelFootball/vue/feelfootball-vue/src/components/Navbar.vue","statementMap":{"0":{"start":{"line":23,"column":0},"end":{"line":23,"column":null}},"1":{"start":{"line":24,"column":0},"end":{"line":24,"column":null}},"2":{"start":{"line":31,"column":0},"end":{"line":31,"column":null}},"3":{"start":{"line":31,"column":0},"end":{"line":25,"column":null}}},"fnMap":{},"branchMap":{},"s":{"0":1,"1":1,"2":1,"3":1},"f":{},"b":{}}
,"/home/doodleblue/Desktop/FeelFootball/vue/feelfootball-vue/src/components/News.vue": {"path":"/home/doodleblue/Desktop/FeelFootball/vue/feelfootball-vue/src/components/News.vue","statementMap":{"0":{"start":{"line":23,"column":0},"end":{"line":23,"column":null}},"1":{"start":{"line":25,"column":0},"end":{"line":25,"column":null}},"2":{"start":{"line":26,"column":0},"end":{"line":26,"column":null}},"3":{"start":{"line":27,"column":0},"end":{"line":27,"column":null}}},"fnMap":{},"branchMap":{},"s":{"0":2,"1":4,"2":2,"3":2},"f":{},"b":{}}
,"/home/doodleblue/Desktop/FeelFootball/vue/feelfootball-vue/src/components/Stats.vue": {"path":"/home/doodleblue/Desktop/FeelFootball/vue/feelfootball-vue/src/components/Stats.vue","statementMap":{"0":{"start":{"line":26,"column":0},"end":{"line":26,"column":null}},"1":{"start":{"line":28,"column":0},"end":{"line":28,"column":null}},"2":{"start":{"line":29,"column":0},"end":{"line":29,"column":null}}},"fnMap":{},"branchMap":{},"s":{"0":2,"1":4,"2":2},"f":{},"b":{}}
,"/home/doodleblue/Desktop/FeelFootball/vue/feelfootball-vue/src/components/pointsTable.vue": {"path":"/home/doodleblue/Desktop/FeelFootball/vue/feelfootball-vue/src/components/pointsTable.vue","statementMap":{"0":{"start":{"line":38,"column":0},"end":{"line":38,"column":null}},"1":{"start":{"line":40,"column":0},"end":{"line":40,"column":null}},"2":{"start":{"line":41,"column":0},"end":{"line":41,"column":null}},"3":{"start":{"line":42,"column":0},"end":{"line":42,"column":null}}},"fnMap":{},"branchMap":{},"s":{"0":2,"1":4,"2":2,"3":2},"f":{},"b":{}}
,"/home/doodleblue/Desktop/FeelFootball/vue/feelfootball-vue/src/router/index.ts": {"path":"/home/doodleblue/Desktop/FeelFootball/vue/feelfootball-vue/src/router/index.ts","statementMap":{"0":{"start":{"line":1,"column":0},"end":{"line":1,"column":null}},"1":{"start":{"line":2,"column":0},"end":{"line":2,"column":null}},"2":{"start":{"line":3,"column":0},"end":{"line":3,"column":null}},"3":{"start":{"line":4,"column":0},"end":{"line":4,"column":null}},"4":{"start":{"line":5,"column":0},"end":{"line":5,"column":4}},"5":{"start":{"line":6,"column":35},"end":{"line":6,"column":null}},"6":{"start":{"line":24,"column":15},"end":{"line":24,"column":null}},"7":{"start":{"line":30,"column":15},"end":{"line":30,"column":19}},"8":{"start":{"line":36,"column":15},"end":{"line":36,"column":null}}},"fnMap":{"0":{"name":"(anonymous_0)","decl":{"start":{"line":24,"column":15},"end":{"line":24,"column":null}},"loc":{"start":{"line":24,"column":15},"end":{"line":24,"column":null}}}},"branchMap":{},"s":{"0":1,"1":1,"2":1,"3":1,"4":1,"5":1,"6":2,"7":1,"8":1},"f":{"0":2},"b":{}}
,"/home/doodleblue/Desktop/FeelFootball/vue/feelfootball-vue/src/shared/collapsible.vue": {"path":"/home/doodleblue/Desktop/FeelFootball/vue/feelfootball-vue/src/shared/collapsible.vue","statementMap":{"0":{"start":{"line":10,"column":0},"end":{"line":10,"column":null}},"1":{"start":{"line":14,"column":0},"end":{"line":14,"column":null}},"2":{"start":{"line":15,"column":0},"end":{"line":15,"column":null}},"3":{"start":{"line":17,"column":0},"end":{"line":17,"column":null}},"4":{"start":{"line":14,"column":0},"end":{"line":11,"column":null}}},"fnMap":{"0":{"name":"(anonymous_1)","decl":{"start":{"line":14,"column":0},"end":{"line":14,"column":null}},"loc":{"start":{"line":14,"column":0},"end":{"line":19,"column":null}}},"1":{"name":"(anonymous_2)","decl":{"start":{"line":16,"column":0},"end":{"line":16,"column":null}},"loc":{"start":{"line":16,"column":0},"end":{"line":18,"column":null}}}},"branchMap":{},"s":{"0":2,"1":2,"2":5,"3":1,"4":2},"f":{"0":5,"1":1},"b":{}}
,"/home/doodleblue/Desktop/FeelFootball/vue/feelfootball-vue/src/shared/validate.ts": {"path":"/home/doodleblue/Desktop/FeelFootball/vue/feelfootball-vue/src/shared/validate.ts","statementMap":{"0":{"start":{"line":2,"column":2},"end":{"line":8,"column":null}},"1":{"start":{"line":3,"column":4},"end":{"line":7,"column":null}},"2":{"start":{"line":4,"column":6},"end":{"line":4,"column":13}},"3":{"start":{"line":6,"column":6},"end":{"line":6,"column":13}}},"fnMap":{"0":{"name":"_default","decl":{"start":{"line":1,"column":14},"end":{"line":1,"column":25}},"loc":{"start":{"line":1,"column":59},"end":{"line":9,"column":null}}}},"branchMap":{"0":{"loc":{"start":{"line":2,"column":2},"end":{"line":8,"column":null}},"type":"if","locations":[{"start":{"line":2,"column":2},"end":{"line":8,"column":null}},{"start":{"line":2,"column":2},"end":{"line":8,"column":null}}]},"1":{"loc":{"start":{"line":3,"column":4},"end":{"line":7,"column":null}},"type":"if","locations":[{"start":{"line":3,"column":4},"end":{"line":7,"column":null}},{"start":{"line":3,"column":4},"end":{"line":7,"column":null}}]}},"s":{"0":8,"1":8,"2":7,"3":1},"f":{"0":8},"b":{"0":[8,0],"1":[7,1]}}
,"/home/doodleblue/Desktop/FeelFootball/vue/feelfootball-vue/src/store/index.ts": {"path":"/home/doodleblue/Desktop/FeelFootball/vue/feelfootball-vue/src/store/index.ts","statementMap":{"0":{"start":{"line":1,"column":0},"end":{"line":1,"column":null}},"1":{"start":{"line":2,"column":0},"end":{"line":2,"column":null}},"2":{"start":{"line":3,"column":0},"end":{"line":3,"column":null}},"3":{"start":{"line":7,"column":0},"end":{"line":7,"column":null}},"4":{"start":{"line":4,"column":0},"end":{"line":4,"column":4}},"5":{"start":{"line":5,"column":21},"end":{"line":5,"column":60}},"6":{"start":{"line":5,"column":43},"end":{"line":5,"column":60}},"7":{"start":{"line":6,"column":23},"end":{"line":6,"column":24}},"8":{"start":{"line":8,"column":14},"end":{"line":8,"column":18}},"9":{"start":{"line":12,"column":15},"end":{"line":12,"column":null}}},"fnMap":{"0":{"name":"(anonymous_0)","decl":{"start":{"line":7,"column":0},"end":{"line":7,"column":null}},"loc":{"start":{"line":7,"column":0},"end":{"line":7,"column":null}}},"1":{"name":"(anonymous_2)","decl":{"start":{"line":5,"column":21},"end":{"line":5,"column":43}},"loc":{"start":{"line":5,"column":43},"end":{"line":5,"column":60}}}},"branchMap":{"0":{"loc":{"start":{"line":7,"column":0},"end":{"line":7,"column":null}},"type":"if","locations":[{"start":{"line":7,"column":0},"end":{"line":7,"column":null}},{"start":{"line":7,"column":0},"end":{"line":7,"column":null}}]}},"s":{"0":5,"1":5,"2":5,"3":131,"4":5,"5":5,"6":5,"7":5,"8":5,"9":5},"f":{"0":66,"1":5},"b":{"0":[40,80]}}
,"/home/doodleblue/Desktop/FeelFootball/vue/feelfootball-vue/src/store/leagues.ts": {"path":"/home/doodleblue/Desktop/FeelFootball/vue/feelfootball-vue/src/store/leagues.ts","statementMap":{"0":{"start":{"line":1,"column":0},"end":{"line":1,"column":null}},"1":{"start":{"line":2,"column":0},"end":{"line":2,"column":null}},"2":{"start":{"line":3,"column":0},"end":{"line":3,"column":null}},"3":{"start":{"line":12,"column":0},"end":{"line":12,"column":null}},"4":{"start":{"line":12,"column":0},"end":{"line":12,"column":21}},"5":{"start":{"line":14,"column":2},"end":{"line":14,"column":28}},"6":{"start":{"line":15,"column":2},"end":{"line":15,"column":21}},"7":{"start":{"line":16,"column":2},"end":{"line":16,"column":13}},"8":{"start":{"line":25,"column":2},"end":{"line":25,"column":19}},"9":{"start":{"line":40,"column":4},"end":{"line":40,"column":9}},"10":{"start":{"line":43,"column":4},"end":{"line":43,"column":11}},"11":{"start":{"line":46,"column":4},"end":{"line":46,"column":11}},"12":{"start":{"line":51,"column":36},"end":{"line":51,"column":55}},"13":{"start":{"line":52,"column":4},"end":{"line":52,"column":11}},"14":{"start":{"line":56,"column":4},"end":{"line":56,"column":9}},"15":{"start":{"line":60,"column":29},"end":{"line":60,"column":44}},"16":{"start":{"line":61,"column":4},"end":{"line":61,"column":11}},"17":{"start":{"line":39,"column":2},"end":{"line":39,"column":12}},"18":{"start":{"line":50,"column":2},"end":{"line":50,"column":8}},"19":{"start":{"line":55,"column":2},"end":{"line":55,"column":10}},"20":{"start":{"line":59,"column":2},"end":{"line":59,"column":8}},"21":{"start":{"line":12,"column":21},"end":{"line":12,"column":34}}},"fnMap":{"0":{"name":"(anonymous_0)","decl":{"start":{"line":12,"column":0},"end":{"line":12,"column":21}},"loc":{"start":{"line":12,"column":0},"end":{"line":63,"column":null}}},"1":{"name":"(anonymous_1)","decl":{"start":{"line":39,"column":2},"end":{"line":39,"column":12}},"loc":{"start":{"line":39,"column":36},"end":{"line":41,"column":null}}},"2":{"name":"(anonymous_2)","decl":{"start":{"line":42,"column":15},"end":{"line":42,"column":null}},"loc":{"start":{"line":42,"column":15},"end":{"line":44,"column":null}}},"3":{"name":"(anonymous_3)","decl":{"start":{"line":45,"column":11},"end":{"line":45,"column":null}},"loc":{"start":{"line":45,"column":11},"end":{"line":47,"column":null}}},"4":{"name":"(anonymous_4)","decl":{"start":{"line":50,"column":19},"end":{"line":50,"column":20}},"loc":{"start":{"line":50,"column":34},"end":{"line":53,"column":null}}},"5":{"name":"(anonymous_5)","decl":{"start":{"line":55,"column":2},"end":{"line":55,"column":10}},"loc":{"start":{"line":55,"column":27},"end":{"line":57,"column":null}}},"6":{"name":"(anonymous_6)","decl":{"start":{"line":59,"column":17},"end":{"line":59,"column":18}},"loc":{"start":{"line":59,"column":32},"end":{"line":62,"column":null}}}},"branchMap":{},"s":{"0":5,"1":5,"2":5,"3":5,"4":10,"5":10,"6":10,"7":10,"8":10,"9":7,"10":1,"11":5,"12":6,"13":6,"14":7,"15":6,"16":6,"17":5,"18":5,"19":5,"20":5,"21":10},"f":{"0":10,"1":7,"2":1,"3":5,"4":6,"5":7,"6":6},"b":{}}
,"/home/doodleblue/Desktop/FeelFootball/vue/feelfootball-vue/src/store/news.ts": {"path":"/home/doodleblue/Desktop/FeelFootball/vue/feelfootball-vue/src/store/news.ts","statementMap":{"0":{"start":{"line":1,"column":0},"end":{"line":1,"column":null}},"1":{"start":{"line":2,"column":0},"end":{"line":2,"column":null}},"2":{"start":{"line":4,"column":0},"end":{"line":4,"column":null}},"3":{"start":{"line":6,"column":0},"end":{"line":6,"column":null}},"4":{"start":{"line":6,"column":0},"end":{"line":6,"column":21}},"5":{"start":{"line":8,"column":2},"end":{"line":8,"column":21}},"6":{"start":{"line":9,"column":2},"end":{"line":9,"column":8}},"7":{"start":{"line":19,"column":4},"end":{"line":19,"column":9}},"8":{"start":{"line":25,"column":26},"end":{"line":25,"column":40}},"9":{"start":{"line":26,"column":4},"end":{"line":26,"column":11}},"10":{"start":{"line":18,"column":2},"end":{"line":18,"column":9}},"11":{"start":{"line":24,"column":2},"end":{"line":24,"column":8}},"12":{"start":{"line":6,"column":21},"end":{"line":6,"column":31}}},"fnMap":{"0":{"name":"(anonymous_0)","decl":{"start":{"line":6,"column":0},"end":{"line":6,"column":21}},"loc":{"start":{"line":6,"column":0},"end":{"line":28,"column":null}}},"1":{"name":"(anonymous_1)","decl":{"start":{"line":18,"column":2},"end":{"line":18,"column":9}},"loc":{"start":{"line":18,"column":30},"end":{"line":20,"column":null}}},"2":{"name":"(anonymous_2)","decl":{"start":{"line":24,"column":16},"end":{"line":24,"column":null}},"loc":{"start":{"line":24,"column":16},"end":{"line":27,"column":null}}}},"branchMap":{},"s":{"0":5,"1":5,"2":5,"3":5,"4":5,"5":5,"6":5,"7":3,"8":2,"9":2,"10":5,"11":5,"12":10},"f":{"0":5,"1":3,"2":2},"b":{}}
,"/home/doodleblue/Desktop/FeelFootball/vue/feelfootball-vue/src/store/store-accessor.ts": {"path":"/home/doodleblue/Desktop/FeelFootball/vue/feelfootball-vue/src/store/store-accessor.ts","statementMap":{"0":{"start":{"line":7,"column":0},"end":{"line":7,"column":null}},"1":{"start":{"line":8,"column":0},"end":{"line":8,"column":null}},"2":{"start":{"line":9,"column":0},"end":{"line":9,"column":null}},"3":{"start":{"line":19,"column":4},"end":{"line":19,"column":16}},"4":{"start":{"line":20,"column":4},"end":{"line":20,"column":13}},"5":{"start":{"line":26,"column":23},"end":{"line":26,"column":null}}},"fnMap":{"0":{"name":"initializeStores","decl":{"start":{"line":18,"column":16},"end":{"line":18,"column":34}},"loc":{"start":{"line":18,"column":51},"end":{"line":21,"column":null}}}},"branchMap":{},"s":{"0":5,"1":5,"2":5,"3":5,"4":5,"5":5},"f":{"0":5},"b":{}}
,"/home/doodleblue/Desktop/FeelFootball/vue/feelfootball-vue/src/views/Form.vue": {"path":"/home/doodleblue/Desktop/FeelFootball/vue/feelfootball-vue/src/views/Form.vue","statementMap":{"0":{"start":{"line":31,"column":0},"end":{"line":31,"column":null}},"1":{"start":{"line":32,"column":0},"end":{"line":32,"column":null}},"2":{"start":{"line":40,"column":0},"end":{"line":40,"column":null}},"3":{"start":{"line":41,"column":0},"end":{"line":41,"column":null}},"4":{"start":{"line":42,"column":0},"end":{"line":42,"column":null}},"5":{"start":{"line":44,"column":0},"end":{"line":44,"column":null}},"6":{"start":{"line":47,"column":0},"end":{"line":47,"column":null}},"7":{"start":{"line":40,"column":0},"end":{"line":33,"column":null}}},"fnMap":{"0":{"name":"(anonymous_1)","decl":{"start":{"line":40,"column":0},"end":{"line":40,"column":null}},"loc":{"start":{"line":40,"column":0},"end":{"line":49,"column":null}}},"1":{"name":"(anonymous_2)","decl":{"start":{"line":43,"column":0},"end":{"line":43,"column":null}},"loc":{"start":{"line":43,"column":0},"end":{"line":45,"column":null}}},"2":{"name":"(anonymous_3)","decl":{"start":{"line":46,"column":0},"end":{"line":46,"column":null}},"loc":{"start":{"line":46,"column":0},"end":{"line":48,"column":null}}}},"branchMap":{},"s":{"0":2,"1":2,"2":2,"3":5,"4":5,"5":2,"6":1,"7":2},"f":{"0":5,"1":2,"2":1},"b":{}}
,"/home/doodleblue/Desktop/FeelFootball/vue/feelfootball-vue/src/views/Home.vue": {"path":"/home/doodleblue/Desktop/FeelFootball/vue/feelfootball-vue/src/views/Home.vue","statementMap":{"0":{"start":{"line":10,"column":0},"end":{"line":10,"column":null}},"1":{"start":{"line":11,"column":0},"end":{"line":11,"column":null}},"2":{"start":{"line":13,"column":0},"end":{"line":13,"column":null}},"3":{"start":{"line":21,"column":0},"end":{"line":21,"column":null}},"4":{"start":{"line":23,"column":0},"end":{"line":23,"column":null}},"5":{"start":{"line":26,"column":0},"end":{"line":26,"column":null}},"6":{"start":{"line":21,"column":0},"end":{"line":15,"column":null}}},"fnMap":{"0":{"name":"(anonymous_1)","decl":{"start":{"line":22,"column":0},"end":{"line":22,"column":null}},"loc":{"start":{"line":22,"column":0},"end":{"line":24,"column":null}}},"1":{"name":"(anonymous_2)","decl":{"start":{"line":25,"column":0},"end":{"line":25,"column":null}},"loc":{"start":{"line":25,"column":0},"end":{"line":27,"column":null}}}},"branchMap":{},"s":{"0":2,"1":2,"2":2,"3":2,"4":1,"5":4,"6":2},"f":{"0":1,"1":4},"b":{}}
,"/home/doodleblue/Desktop/FeelFootball/vue/feelfootball-vue/src/views/Leagues.vue": {"path":"/home/doodleblue/Desktop/FeelFootball/vue/feelfootball-vue/src/views/Leagues.vue","statementMap":{"0":{"start":{"line":101,"column":0},"end":{"line":101,"column":null}},"1":{"start":{"line":103,"column":0},"end":{"line":103,"column":null}},"2":{"start":{"line":104,"column":0},"end":{"line":104,"column":null}},"3":{"start":{"line":105,"column":0},"end":{"line":105,"column":null}},"4":{"start":{"line":114,"column":0},"end":{"line":114,"column":null}},"5":{"start":{"line":115,"column":0},"end":{"line":115,"column":null}},"6":{"start":{"line":116,"column":0},"end":{"line":116,"column":null}},"7":{"start":{"line":117,"column":0},"end":{"line":117,"column":null}},"8":{"start":{"line":119,"column":0},"end":{"line":119,"column":null}},"9":{"start":{"line":120,"column":0},"end":{"line":120,"column":null}},"10":{"start":{"line":121,"column":0},"end":{"line":121,"column":null}},"11":{"start":{"line":122,"column":0},"end":{"line":122,"column":null}},"12":{"start":{"line":125,"column":0},"end":{"line":125,"column":null}},"13":{"start":{"line":126,"column":0},"end":{"line":126,"column":null}},"14":{"start":{"line":127,"column":0},"end":{"line":127,"column":null}},"15":{"start":{"line":128,"column":0},"end":{"line":128,"column":null}},"16":{"start":{"line":129,"column":0},"end":{"line":129,"column":null}},"17":{"start":{"line":114,"column":0},"end":{"line":107,"column":null}}},"fnMap":{"0":{"name":"(anonymous_1)","decl":{"start":{"line":114,"column":0},"end":{"line":114,"column":null}},"loc":{"start":{"line":114,"column":0},"end":{"line":131,"column":null}}},"1":{"name":"(anonymous_2)","decl":{"start":{"line":118,"column":0},"end":{"line":118,"column":null}},"loc":{"start":{"line":118,"column":0},"end":{"line":123,"column":null}}},"2":{"name":"(anonymous_3)","decl":{"start":{"line":124,"column":0},"end":{"line":124,"column":null}},"loc":{"start":{"line":124,"column":0},"end":{"line":130,"column":null}}}},"branchMap":{},"s":{"0":2,"1":2,"2":2,"3":2,"4":2,"5":2,"6":2,"7":2,"8":2,"9":2,"10":2,"11":2,"12":3,"13":3,"14":3,"15":3,"16":3,"17":2},"f":{"0":2,"1":2,"2":3},"b":{}}
,"/home/doodleblue/Desktop/FeelFootball/vue/feelfootball-vue/tests/mockdata/leagues.ts": {"path":"/home/doodleblue/Desktop/FeelFootball/vue/feelfootball-vue/tests/mockdata/leagues.ts","statementMap":{"0":{"start":{"line":2,"column":31},"end":{"line":2,"column":null}},"1":{"start":{"line":143,"column":15},"end":{"line":143,"column":null}}},"fnMap":{},"branchMap":{},"s":{"0":2,"1":2},"f":{},"b":{}}
,"/home/doodleblue/Desktop/FeelFootball/vue/feelfootball-vue/tests/mockdata/leagues_api_mock.ts": {"path":"/home/doodleblue/Desktop/FeelFootball/vue/feelfootball-vue/tests/mockdata/leagues_api_mock.ts","statementMap":{"0":{"start":{"line":1,"column":13},"end":{"line":1,"column":null}},"1":{"start":{"line":3850,"column":15},"end":{"line":3850,"column":null}}},"fnMap":{},"branchMap":{},"s":{"0":1,"1":1},"f":{},"b":{}}
,"/home/doodleblue/Desktop/FeelFootball/vue/feelfootball-vue/tests/mockdata/news.ts": {"path":"/home/doodleblue/Desktop/FeelFootball/vue/feelfootball-vue/tests/mockdata/news.ts","statementMap":{"0":{"start":{"line":3,"column":26},"end":{"line":3,"column":null}},"1":{"start":{"line":176,"column":15},"end":{"line":176,"column":null}}},"fnMap":{},"branchMap":{},"s":{"0":2,"1":2},"f":{},"b":{}}
,"/home/doodleblue/Desktop/FeelFootball/vue/feelfootball-vue/tests/mockdata/news_api_mock.ts": {"path":"/home/doodleblue/Desktop/FeelFootball/vue/feelfootball-vue/tests/mockdata/news_api_mock.ts","statementMap":{"0":{"start":{"line":1,"column":13},"end":{"line":1,"column":null}},"1":{"start":{"line":1046,"column":15},"end":{"line":1046,"column":null}}},"fnMap":{},"branchMap":{},"s":{"0":1,"1":1},"f":{},"b":{}}
,"/home/doodleblue/Desktop/FeelFootball/vue/feelfootball-vue/tests/mockdata/stats_api.ts": {"path":"/home/doodleblue/Desktop/FeelFootball/vue/feelfootball-vue/tests/mockdata/stats_api.ts","statementMap":{"0":{"start":{"line":1,"column":14},"end":{"line":1,"column":null}},"1":{"start":{"line":28567,"column":15},"end":{"line":28567,"column":null}}},"fnMap":{},"branchMap":{},"s":{"0":1,"1":1},"f":{},"b":{}}
,"/home/doodleblue/Desktop/FeelFootball/vue/feelfootball-vue/tests/mockdata/stats_mock.ts": {"path":"/home/doodleblue/Desktop/FeelFootball/vue/feelfootball-vue/tests/mockdata/stats_mock.ts","statementMap":{"0":{"start":{"line":2,"column":25},"end":{"line":2,"column":null}},"1":{"start":{"line":14,"column":15},"end":{"line":14,"column":null}}},"fnMap":{},"branchMap":{},"s":{"0":2,"1":2},"f":{},"b":{}}
}
