TN:
SF:/home/doodleblue/Desktop/FeelFootball/vue/feelfootball-vue/src/api/leagues.ts
FN:3,getStandings
FNF:1
FNH:1
FNDA:2,getStandings
DA:2,6
DA:4,2
DA:5,2
DA:6,1
DA:7,1
DA:9,1
LF:6
LH:6
BRF:0
BRH:0
end_of_record
TN:
SF:/home/doodleblue/Desktop/FeelFootball/vue/feelfootball-vue/src/api/news.ts
FN:3,getNews
FN:7,(anonymous_1)
FN:7,(anonymous_2)
FN:9,(anonymous_3)
FNF:4
FNH:4
FNDA:2,getNews
FNDA:2,(anonymous_1)
FNDA:1,(anonymous_2)
FNDA:1,(anonymous_3)
DA:2,6
DA:4,2
DA:5,2
DA:6,2
DA:7,2
DA:9,1
DA:10,1
DA:12,1
DA:14,1
LF:9
LH:9
BRF:0
BRH:0
end_of_record
TN:
SF:/home/doodleblue/Desktop/FeelFootball/vue/feelfootball-vue/src/api/stats.ts
FN:3,getStats
FNF:1
FNH:1
FNDA:2,getStats
DA:2,6
DA:5,2
DA:6,2
DA:7,1
DA:8,1
DA:10,1
LF:6
LH:6
BRF:0
BRH:0
end_of_record
TN:
SF:/home/doodleblue/Desktop/FeelFootball/vue/feelfootball-vue/src/components/Navbar.vue
FNF:0
FNH:0
DA:23,1
DA:24,1
DA:31,1
LF:3
LH:3
BRF:0
BRH:0
end_of_record
TN:
SF:/home/doodleblue/Desktop/FeelFootball/vue/feelfootball-vue/src/components/News.vue
FNF:0
FNH:0
DA:23,2
DA:25,4
DA:26,2
DA:27,2
LF:4
LH:4
BRF:0
BRH:0
end_of_record
TN:
SF:/home/doodleblue/Desktop/FeelFootball/vue/feelfootball-vue/src/components/Stats.vue
FNF:0
FNH:0
DA:26,2
DA:28,4
DA:29,2
LF:3
LH:3
BRF:0
BRH:0
end_of_record
TN:
SF:/home/doodleblue/Desktop/FeelFootball/vue/feelfootball-vue/src/components/pointsTable.vue
FNF:0
FNH:0
DA:38,2
DA:40,4
DA:41,2
DA:42,2
LF:4
LH:4
BRF:0
BRH:0
end_of_record
TN:
SF:/home/doodleblue/Desktop/FeelFootball/vue/feelfootball-vue/src/router/index.ts
FN:24,(anonymous_0)
FNF:1
FNH:1
FNDA:2,(anonymous_0)
DA:1,1
DA:2,1
DA:3,1
DA:4,1
DA:5,1
DA:6,1
DA:24,2
DA:30,1
DA:36,1
LF:9
LH:9
BRF:0
BRH:0
end_of_record
TN:
SF:/home/doodleblue/Desktop/FeelFootball/vue/feelfootball-vue/src/shared/collapsible.vue
FN:14,(anonymous_1)
FN:16,(anonymous_2)
FNF:2
FNH:2
FNDA:5,(anonymous_1)
FNDA:1,(anonymous_2)
DA:10,2
DA:14,2
DA:15,5
DA:17,1
LF:4
LH:4
BRF:0
BRH:0
end_of_record
TN:
SF:/home/doodleblue/Desktop/FeelFootball/vue/feelfootball-vue/src/shared/validate.ts
FN:1,_default
FNF:1
FNH:1
FNDA:8,_default
DA:2,8
DA:3,8
DA:4,7
DA:6,1
LF:4
LH:4
BRDA:2,0,0,8
BRDA:2,0,1,0
BRDA:3,1,0,7
BRDA:3,1,1,1
BRF:4
BRH:3
end_of_record
TN:
SF:/home/doodleblue/Desktop/FeelFootball/vue/feelfootball-vue/src/store/index.ts
FN:7,(anonymous_0)
FN:5,(anonymous_2)
FNF:2
FNH:2
FNDA:66,(anonymous_0)
FNDA:5,(anonymous_2)
DA:1,5
DA:2,5
DA:3,5
DA:4,5
DA:5,5
DA:6,5
DA:7,131
DA:8,5
DA:12,5
LF:9
LH:9
BRDA:7,0,0,40
BRDA:7,0,1,80
BRF:2
BRH:2
end_of_record
TN:
SF:/home/doodleblue/Desktop/FeelFootball/vue/feelfootball-vue/src/store/leagues.ts
FN:12,(anonymous_0)
FN:39,(anonymous_1)
FN:42,(anonymous_2)
FN:45,(anonymous_3)
FN:50,(anonymous_4)
FN:55,(anonymous_5)
FN:59,(anonymous_6)
FNF:7
FNH:7
FNDA:10,(anonymous_0)
FNDA:7,(anonymous_1)
FNDA:1,(anonymous_2)
FNDA:5,(anonymous_3)
FNDA:6,(anonymous_4)
FNDA:7,(anonymous_5)
FNDA:6,(anonymous_6)
DA:1,5
DA:2,5
DA:3,5
DA:12,10
DA:14,10
DA:15,10
DA:16,10
DA:25,10
DA:39,5
DA:40,7
DA:43,1
DA:46,5
DA:50,5
DA:51,6
DA:52,6
DA:55,5
DA:56,7
DA:59,5
DA:60,6
DA:61,6
LF:20
LH:20
BRF:0
BRH:0
end_of_record
TN:
SF:/home/doodleblue/Desktop/FeelFootball/vue/feelfootball-vue/src/store/news.ts
FN:6,(anonymous_0)
FN:18,(anonymous_1)
FN:24,(anonymous_2)
FNF:3
FNH:3
FNDA:5,(anonymous_0)
FNDA:3,(anonymous_1)
FNDA:2,(anonymous_2)
DA:1,5
DA:2,5
DA:4,5
DA:6,10
DA:8,5
DA:9,5
DA:18,5
DA:19,3
DA:24,5
DA:25,2
DA:26,2
LF:11
LH:11
BRF:0
BRH:0
end_of_record
TN:
SF:/home/doodleblue/Desktop/FeelFootball/vue/feelfootball-vue/src/store/store-accessor.ts
FN:18,initializeStores
FNF:1
FNH:1
FNDA:5,initializeStores
DA:7,5
DA:8,5
DA:9,5
DA:19,5
DA:20,5
DA:26,5
LF:6
LH:6
BRF:0
BRH:0
end_of_record
TN:
SF:/home/doodleblue/Desktop/FeelFootball/vue/feelfootball-vue/src/views/Form.vue
FN:40,(anonymous_1)
FN:43,(anonymous_2)
FN:46,(anonymous_3)
FNF:3
FNH:3
FNDA:5,(anonymous_1)
FNDA:2,(anonymous_2)
FNDA:1,(anonymous_3)
DA:31,2
DA:32,2
DA:40,2
DA:41,5
DA:42,5
DA:44,2
DA:47,1
LF:7
LH:7
BRF:0
BRH:0
end_of_record
TN:
SF:/home/doodleblue/Desktop/FeelFootball/vue/feelfootball-vue/src/views/Home.vue
FN:22,(anonymous_1)
FN:25,(anonymous_2)
FNF:2
FNH:2
FNDA:1,(anonymous_1)
FNDA:4,(anonymous_2)
DA:10,2
DA:11,2
DA:13,2
DA:21,2
DA:23,1
DA:26,4
LF:6
LH:6
BRF:0
BRH:0
end_of_record
TN:
SF:/home/doodleblue/Desktop/FeelFootball/vue/feelfootball-vue/src/views/Leagues.vue
FN:114,(anonymous_1)
FN:118,(anonymous_2)
FN:124,(anonymous_3)
FNF:3
FNH:3
FNDA:2,(anonymous_1)
FNDA:2,(anonymous_2)
FNDA:3,(anonymous_3)
DA:101,2
DA:103,2
DA:104,2
DA:105,2
DA:114,2
DA:115,2
DA:116,2
DA:117,2
DA:119,2
DA:120,2
DA:121,2
DA:122,2
DA:125,3
DA:126,3
DA:127,3
DA:128,3
DA:129,3
LF:17
LH:17
BRF:0
BRH:0
end_of_record
TN:
SF:/home/doodleblue/Desktop/FeelFootball/vue/feelfootball-vue/tests/mockdata/leagues.ts
FNF:0
FNH:0
DA:2,2
DA:143,2
LF:2
LH:2
BRF:0
BRH:0
end_of_record
TN:
SF:/home/doodleblue/Desktop/FeelFootball/vue/feelfootball-vue/tests/mockdata/leagues_api_mock.ts
FNF:0
FNH:0
DA:1,1
DA:3850,1
LF:2
LH:2
BRF:0
BRH:0
end_of_record
TN:
SF:/home/doodleblue/Desktop/FeelFootball/vue/feelfootball-vue/tests/mockdata/news.ts
FNF:0
FNH:0
DA:3,2
DA:176,2
LF:2
LH:2
BRF:0
BRH:0
end_of_record
TN:
SF:/home/doodleblue/Desktop/FeelFootball/vue/feelfootball-vue/tests/mockdata/news_api_mock.ts
FNF:0
FNH:0
DA:1,1
DA:1046,1
LF:2
LH:2
BRF:0
BRH:0
end_of_record
TN:
SF:/home/doodleblue/Desktop/FeelFootball/vue/feelfootball-vue/tests/mockdata/stats_api.ts
FNF:0
FNH:0
DA:1,1
DA:28567,1
LF:2
LH:2
BRF:0
BRH:0
end_of_record
TN:
SF:/home/doodleblue/Desktop/FeelFootball/vue/feelfootball-vue/tests/mockdata/stats_mock.ts
FNF:0
FNH:0
DA:2,2
DA:14,2
LF:2
LH:2
BRF:0
BRH:0
end_of_record
